{
  "C:\\Users\\Will\\Documents\\School_Of_Code\\Projects\\Home Grown - MACCAW\\bc13_final-project_front-end-maccaw\\home-grown\\config\\firebase.js": {
    "path": "C:\\Users\\Will\\Documents\\School_Of_Code\\Projects\\Home Grown - MACCAW\\bc13_final-project_front-end-maccaw\\home-grown\\config\\firebase.js",
    "statementMap": {
      "0": {
        "start": {
          "line": 5,
          "column": 12
        },
        "end": {
          "line": 12,
          "column": 2
        }
      },
      "1": {
        "start": {
          "line": 14,
          "column": 20
        },
        "end": {
          "line": 14,
          "column": 29
        }
      }
    },
    "fnMap": {},
    "branchMap": {},
    "s": {
      "0": 7,
      "1": 7
    },
    "f": {},
    "b": {},
    "_coverageSchema": "1a1c01bbd47fc00a2c39e90264f33305004495a9",
    "hash": "dbf585f8b943dda91583f34e9d08d6cffafa0749"
  },
  "C:\\Users\\Will\\Documents\\School_Of_Code\\Projects\\Home Grown - MACCAW\\bc13_final-project_front-end-maccaw\\home-grown\\context\\AuthContext.js": {
    "path": "C:\\Users\\Will\\Documents\\School_Of_Code\\Projects\\Home Grown - MACCAW\\bc13_final-project_front-end-maccaw\\home-grown\\context\\AuthContext.js",
    "statementMap": {
      "0": {
        "start": {
          "line": 12,
          "column": 20
        },
        "end": {
          "line": 12,
          "column": 41
        }
      },
      "1": {
        "start": {
          "line": 15,
          "column": 2
        },
        "end": {
          "line": 15,
          "column": 33
        }
      },
      "2": {
        "start": {
          "line": 21,
          "column": 40
        },
        "end": {
          "line": 21,
          "column": 50
        }
      },
      "3": {
        "start": {
          "line": 22,
          "column": 32
        },
        "end": {
          "line": 22,
          "column": 46
        }
      },
      "4": {
        "start": {
          "line": 26,
          "column": 4
        },
        "end": {
          "line": 26,
          "column": 65
        }
      },
      "5": {
        "start": {
          "line": 30,
          "column": 4
        },
        "end": {
          "line": 30,
          "column": 61
        }
      },
      "6": {
        "start": {
          "line": 34,
          "column": 4
        },
        "end": {
          "line": 34,
          "column": 25
        }
      },
      "7": {
        "start": {
          "line": 38,
          "column": 4
        },
        "end": {
          "line": 38,
          "column": 47
        }
      },
      "8": {
        "start": {
          "line": 41,
          "column": 2
        },
        "end": {
          "line": 47,
          "column": 9
        }
      },
      "9": {
        "start": {
          "line": 42,
          "column": 24
        },
        "end": {
          "line": 45,
          "column": 6
        }
      },
      "10": {
        "start": {
          "line": 43,
          "column": 6
        },
        "end": {
          "line": 43,
          "column": 27
        }
      },
      "11": {
        "start": {
          "line": 44,
          "column": 6
        },
        "end": {
          "line": 44,
          "column": 24
        }
      },
      "12": {
        "start": {
          "line": 46,
          "column": 4
        },
        "end": {
          "line": 46,
          "column": 23
        }
      },
      "13": {
        "start": {
          "line": 49,
          "column": 16
        },
        "end": {
          "line": 55,
          "column": 3
        }
      },
      "14": {
        "start": {
          "line": 56,
          "column": 2
        },
        "end": {
          "line": 60,
          "column": 4
        }
      }
    },
    "fnMap": {
      "0": {
        "name": "useAuth",
        "decl": {
          "start": {
            "line": 14,
            "column": 16
          },
          "end": {
            "line": 14,
            "column": 23
          }
        },
        "loc": {
          "start": {
            "line": 14,
            "column": 26
          },
          "end": {
            "line": 16,
            "column": 1
          }
        },
        "line": 14
      },
      "1": {
        "name": "AuthProvider",
        "decl": {
          "start": {
            "line": 19,
            "column": 16
          },
          "end": {
            "line": 19,
            "column": 28
          }
        },
        "loc": {
          "start": {
            "line": 19,
            "column": 43
          },
          "end": {
            "line": 61,
            "column": 1
          }
        },
        "line": 19
      },
      "2": {
        "name": "signUp",
        "decl": {
          "start": {
            "line": 24,
            "column": 11
          },
          "end": {
            "line": 24,
            "column": 17
          }
        },
        "loc": {
          "start": {
            "line": 24,
            "column": 35
          },
          "end": {
            "line": 27,
            "column": 3
          }
        },
        "line": 24
      },
      "3": {
        "name": "login",
        "decl": {
          "start": {
            "line": 29,
            "column": 11
          },
          "end": {
            "line": 29,
            "column": 16
          }
        },
        "loc": {
          "start": {
            "line": 29,
            "column": 34
          },
          "end": {
            "line": 31,
            "column": 3
          }
        },
        "line": 29
      },
      "4": {
        "name": "logout",
        "decl": {
          "start": {
            "line": 33,
            "column": 11
          },
          "end": {
            "line": 33,
            "column": 17
          }
        },
        "loc": {
          "start": {
            "line": 33,
            "column": 20
          },
          "end": {
            "line": 35,
            "column": 3
          }
        },
        "line": 33
      },
      "5": {
        "name": "resetPassword",
        "decl": {
          "start": {
            "line": 37,
            "column": 11
          },
          "end": {
            "line": 37,
            "column": 24
          }
        },
        "loc": {
          "start": {
            "line": 37,
            "column": 32
          },
          "end": {
            "line": 39,
            "column": 3
          }
        },
        "line": 37
      },
      "6": {
        "name": "(anonymous_6)",
        "decl": {
          "start": {
            "line": 41,
            "column": 12
          },
          "end": {
            "line": 41,
            "column": 13
          }
        },
        "loc": {
          "start": {
            "line": 41,
            "column": 18
          },
          "end": {
            "line": 47,
            "column": 3
          }
        },
        "line": 41
      },
      "7": {
        "name": "(anonymous_7)",
        "decl": {
          "start": {
            "line": 42,
            "column": 48
          },
          "end": {
            "line": 42,
            "column": 49
          }
        },
        "loc": {
          "start": {
            "line": 42,
            "column": 58
          },
          "end": {
            "line": 45,
            "column": 5
          }
        },
        "line": 42
      }
    },
    "branchMap": {
      "0": {
        "loc": {
          "start": {
            "line": 58,
            "column": 7
          },
          "end": {
            "line": 58,
            "column": 27
          }
        },
        "type": "binary-expr",
        "locations": [
          {
            "start": {
              "line": 58,
              "column": 7
            },
            "end": {
              "line": 58,
              "column": 15
            }
          },
          {
            "start": {
              "line": 58,
              "column": 19
            },
            "end": {
              "line": 58,
              "column": 27
            }
          }
        ],
        "line": 58
      }
    },
    "s": {
      "0": 7,
      "1": 99,
      "2": 32,
      "3": 32,
      "4": 0,
      "5": 2,
      "6": 0,
      "7": 0,
      "8": 32,
      "9": 14,
      "10": 14,
      "11": 14,
      "12": 14,
      "13": 32,
      "14": 32
    },
    "f": {
      "0": 99,
      "1": 32,
      "2": 0,
      "3": 2,
      "4": 0,
      "5": 0,
      "6": 14,
      "7": 14
    },
    "b": {
      "0": [
        32,
        18
      ]
    },
    "_coverageSchema": "1a1c01bbd47fc00a2c39e90264f33305004495a9",
    "hash": "73858e4c1548bea8f1d0c31278247a4575858bc5"
  },
  "C:\\Users\\Will\\Documents\\School_Of_Code\\Projects\\Home Grown - MACCAW\\bc13_final-project_front-end-maccaw\\home-grown\\components\\NavBar\\NavBar.js": {
    "path": "C:\\Users\\Will\\Documents\\School_Of_Code\\Projects\\Home Grown - MACCAW\\bc13_final-project_front-end-maccaw\\home-grown\\components\\NavBar\\NavBar.js",
    "statementMap": {
      "0": {
        "start": {
          "line": 11,
          "column": 17
        },
        "end": {
          "line": 11,
          "column": 28
        }
      },
      "1": {
        "start": {
          "line": 12,
          "column": 34
        },
        "end": {
          "line": 12,
          "column": 43
        }
      },
      "2": {
        "start": {
          "line": 14,
          "column": 4
        },
        "end": {
          "line": 14,
          "column": 21
        }
      },
      "3": {
        "start": {
          "line": 17,
          "column": 30
        },
        "end": {
          "line": 17,
          "column": 45
        }
      },
      "4": {
        "start": {
          "line": 20,
          "column": 4
        },
        "end": {
          "line": 20,
          "column": 23
        }
      },
      "5": {
        "start": {
          "line": 25,
          "column": 4
        },
        "end": {
          "line": 25,
          "column": 23
        }
      },
      "6": {
        "start": {
          "line": 26,
          "column": 4
        },
        "end": {
          "line": 26,
          "column": 12
        }
      },
      "7": {
        "start": {
          "line": 29,
          "column": 2
        },
        "end": {
          "line": 105,
          "column": 3
        }
      },
      "8": {
        "start": {
          "line": 30,
          "column": 4
        },
        "end": {
          "line": 65,
          "column": 6
        }
      },
      "9": {
        "start": {
          "line": 67,
          "column": 4
        },
        "end": {
          "line": 104,
          "column": 6
        }
      }
    },
    "fnMap": {
      "0": {
        "name": "NavBar",
        "decl": {
          "start": {
            "line": 10,
            "column": 24
          },
          "end": {
            "line": 10,
            "column": 30
          }
        },
        "loc": {
          "start": {
            "line": 10,
            "column": 33
          },
          "end": {
            "line": 106,
            "column": 1
          }
        },
        "line": 10
      },
      "1": {
        "name": "reloadPage",
        "decl": {
          "start": {
            "line": 13,
            "column": 11
          },
          "end": {
            "line": 13,
            "column": 21
          }
        },
        "loc": {
          "start": {
            "line": 13,
            "column": 24
          },
          "end": {
            "line": 15,
            "column": 3
          }
        },
        "line": 13
      },
      "2": {
        "name": "burgerHandler",
        "decl": {
          "start": {
            "line": 19,
            "column": 11
          },
          "end": {
            "line": 19,
            "column": 24
          }
        },
        "loc": {
          "start": {
            "line": 19,
            "column": 27
          },
          "end": {
            "line": 21,
            "column": 3
          }
        },
        "line": 19
      },
      "3": {
        "name": "logOut",
        "decl": {
          "start": {
            "line": 24,
            "column": 11
          },
          "end": {
            "line": 24,
            "column": 17
          }
        },
        "loc": {
          "start": {
            "line": 24,
            "column": 19
          },
          "end": {
            "line": 27,
            "column": 3
          }
        },
        "line": 24
      }
    },
    "branchMap": {
      "0": {
        "loc": {
          "start": {
            "line": 29,
            "column": 2
          },
          "end": {
            "line": 105,
            "column": 3
          }
        },
        "type": "if",
        "locations": [
          {
            "start": {
              "line": 29,
              "column": 2
            },
            "end": {
              "line": 105,
              "column": 3
            }
          },
          {
            "start": {
              "line": 66,
              "column": 9
            },
            "end": {
              "line": 105,
              "column": 3
            }
          }
        ],
        "line": 29
      },
      "1": {
        "loc": {
          "start": {
            "line": 35,
            "column": 12
          },
          "end": {
            "line": 35,
            "column": 73
          }
        },
        "type": "cond-expr",
        "locations": [
          {
            "start": {
              "line": 35,
              "column": 21
            },
            "end": {
              "line": 35,
              "column": 44
            }
          },
          {
            "start": {
              "line": 35,
              "column": 47
            },
            "end": {
              "line": 35,
              "column": 73
            }
          }
        ],
        "line": 35
      },
      "2": {
        "loc": {
          "start": {
            "line": 58,
            "column": 21
          },
          "end": {
            "line": 58,
            "column": 72
          }
        },
        "type": "cond-expr",
        "locations": [
          {
            "start": {
              "line": 58,
              "column": 30
            },
            "end": {
              "line": 58,
              "column": 48
            }
          },
          {
            "start": {
              "line": 58,
              "column": 51
            },
            "end": {
              "line": 58,
              "column": 72
            }
          }
        ],
        "line": 58
      },
      "3": {
        "loc": {
          "start": {
            "line": 72,
            "column": 12
          },
          "end": {
            "line": 72,
            "column": 73
          }
        },
        "type": "cond-expr",
        "locations": [
          {
            "start": {
              "line": 72,
              "column": 21
            },
            "end": {
              "line": 72,
              "column": 44
            }
          },
          {
            "start": {
              "line": 72,
              "column": 47
            },
            "end": {
              "line": 72,
              "column": 73
            }
          }
        ],
        "line": 72
      },
      "4": {
        "loc": {
          "start": {
            "line": 97,
            "column": 21
          },
          "end": {
            "line": 97,
            "column": 72
          }
        },
        "type": "cond-expr",
        "locations": [
          {
            "start": {
              "line": 97,
              "column": 30
            },
            "end": {
              "line": 97,
              "column": 48
            }
          },
          {
            "start": {
              "line": 97,
              "column": 51
            },
            "end": {
              "line": 97,
              "column": 72
            }
          }
        ],
        "line": 97
      }
    },
    "s": {
      "0": 22,
      "1": 22,
      "2": 0,
      "3": 22,
      "4": 2,
      "5": 0,
      "6": 0,
      "7": 22,
      "8": 22,
      "9": 0
    },
    "f": {
      "0": 22,
      "1": 0,
      "2": 2,
      "3": 0
    },
    "b": {
      "0": [
        22,
        0
      ],
      "1": [
        6,
        16
      ],
      "2": [
        6,
        16
      ],
      "3": [
        0,
        0
      ],
      "4": [
        0,
        0
      ]
    },
    "_coverageSchema": "1a1c01bbd47fc00a2c39e90264f33305004495a9",
    "hash": "c6a637c9c5bc0ce07c83fa9a011a38146df7b417"
  },
  "C:\\Users\\Will\\Documents\\School_Of_Code\\Projects\\Home Grown - MACCAW\\bc13_final-project_front-end-maccaw\\home-grown\\components\\Footer\\Footer.js": {
    "path": "C:\\Users\\Will\\Documents\\School_Of_Code\\Projects\\Home Grown - MACCAW\\bc13_final-project_front-end-maccaw\\home-grown\\components\\Footer\\Footer.js",
    "statementMap": {
      "0": {
        "start": {
          "line": 3,
          "column": 4
        },
        "end": {
          "line": 13,
          "column": 5
        }
      }
    },
    "fnMap": {
      "0": {
        "name": "Footer",
        "decl": {
          "start": {
            "line": 2,
            "column": 24
          },
          "end": {
            "line": 2,
            "column": 30
          }
        },
        "loc": {
          "start": {
            "line": 2,
            "column": 33
          },
          "end": {
            "line": 14,
            "column": 3
          }
        },
        "line": 2
      }
    },
    "branchMap": {},
    "s": {
      "0": 18
    },
    "f": {
      "0": 18
    },
    "b": {},
    "_coverageSchema": "1a1c01bbd47fc00a2c39e90264f33305004495a9",
    "hash": "ca6b900c94b2cf093135790e4275805d5f9e193b"
  },
  "C:\\Users\\Will\\Documents\\School_Of_Code\\Projects\\Home Grown - MACCAW\\bc13_final-project_front-end-maccaw\\home-grown\\components\\Layout\\Layout.js": {
    "path": "C:\\Users\\Will\\Documents\\School_Of_Code\\Projects\\Home Grown - MACCAW\\bc13_final-project_front-end-maccaw\\home-grown\\components\\Layout\\Layout.js",
    "statementMap": {
      "0": {
        "start": {
          "line": 7,
          "column": 55
        },
        "end": {
          "line": 7,
          "column": 64
        }
      },
      "1": {
        "start": {
          "line": 9,
          "column": 2
        },
        "end": {
          "line": 16,
          "column": 4
        }
      }
    },
    "fnMap": {
      "0": {
        "name": "Layout",
        "decl": {
          "start": {
            "line": 6,
            "column": 24
          },
          "end": {
            "line": 6,
            "column": 30
          }
        },
        "loc": {
          "start": {
            "line": 6,
            "column": 38
          },
          "end": {
            "line": 17,
            "column": 1
          }
        },
        "line": 6
      }
    },
    "branchMap": {},
    "s": {
      "0": 19,
      "1": 18
    },
    "f": {
      "0": 19
    },
    "b": {},
    "_coverageSchema": "1a1c01bbd47fc00a2c39e90264f33305004495a9",
    "hash": "9a26cc95efd11c19d57f5ff172936823aa969010"
  },
  "C:\\Users\\Will\\Documents\\School_Of_Code\\Projects\\Home Grown - MACCAW\\bc13_final-project_front-end-maccaw\\home-grown\\pages\\_app.js": {
    "path": "C:\\Users\\Will\\Documents\\School_Of_Code\\Projects\\Home Grown - MACCAW\\bc13_final-project_front-end-maccaw\\home-grown\\pages\\_app.js",
    "statementMap": {
      "0": {
        "start": {
          "line": 6,
          "column": 2
        },
        "end": {
          "line": 6,
          "column": 84
        }
      }
    },
    "fnMap": {
      "0": {
        "name": "App",
        "decl": {
          "start": {
            "line": 5,
            "column": 24
          },
          "end": {
            "line": 5,
            "column": 27
          }
        },
        "loc": {
          "start": {
            "line": 5,
            "column": 54
          },
          "end": {
            "line": 7,
            "column": 1
          }
        },
        "line": 5
      }
    },
    "branchMap": {},
    "s": {
      "0": 18
    },
    "f": {
      "0": 18
    },
    "b": {},
    "_coverageSchema": "1a1c01bbd47fc00a2c39e90264f33305004495a9",
    "hash": "7e36b7ed6f8f6a517dc40c09fb78e69c306fbc20"
  },
  "C:\\Users\\Will\\Documents\\School_Of_Code\\Projects\\Home Grown - MACCAW\\bc13_final-project_front-end-maccaw\\home-grown\\components\\Landing\\Carousel.js": {
    "path": "C:\\Users\\Will\\Documents\\School_Of_Code\\Projects\\Home Grown - MACCAW\\bc13_final-project_front-end-maccaw\\home-grown\\components\\Landing\\Carousel.js",
    "statementMap": {
      "0": {
        "start": {
          "line": 25,
          "column": 24
        },
        "end": {
          "line": 140,
          "column": 8
        }
      },
      "1": {
        "start": {
          "line": 26,
          "column": 19
        },
        "end": {
          "line": 68,
          "column": 3
        }
      },
      "2": {
        "start": {
          "line": 72,
          "column": 4
        },
        "end": {
          "line": 139,
          "column": 9
        }
      }
    },
    "fnMap": {
      "0": {
        "name": "(anonymous_0)",
        "decl": {
          "start": {
            "line": 25,
            "column": 24
          },
          "end": {
            "line": 25,
            "column": 25
          }
        },
        "loc": {
          "start": {
            "line": 25,
            "column": 30
          },
          "end": {
            "line": 140,
            "column": 8
          }
        },
        "line": 25
      }
    },
    "branchMap": {},
    "s": {
      "0": 1,
      "1": 2,
      "2": 2
    },
    "f": {
      "0": 2
    },
    "b": {},
    "_coverageSchema": "1a1c01bbd47fc00a2c39e90264f33305004495a9",
    "hash": "335441091bc1253fea290171c9d2ad1951f0a444"
  },
  "C:\\Users\\Will\\Documents\\School_Of_Code\\Projects\\Home Grown - MACCAW\\bc13_final-project_front-end-maccaw\\home-grown\\components\\LandingCard\\LandingCard.js": {
    "path": "C:\\Users\\Will\\Documents\\School_Of_Code\\Projects\\Home Grown - MACCAW\\bc13_final-project_front-end-maccaw\\home-grown\\components\\LandingCard\\LandingCard.js",
    "statementMap": {
      "0": {
        "start": {
          "line": 5,
          "column": 0
        },
        "end": {
          "line": 9,
          "column": 7
        }
      }
    },
    "fnMap": {
      "0": {
        "name": "LandingCard",
        "decl": {
          "start": {
            "line": 4,
            "column": 24
          },
          "end": {
            "line": 4,
            "column": 35
          }
        },
        "loc": {
          "start": {
            "line": 4,
            "column": 67
          },
          "end": {
            "line": 10,
            "column": 1
          }
        },
        "line": 4
      }
    },
    "branchMap": {},
    "s": {
      "0": 8
    },
    "f": {
      "0": 8
    },
    "b": {},
    "_coverageSchema": "1a1c01bbd47fc00a2c39e90264f33305004495a9",
    "hash": "98faf52794f45855b64409b5f0360b61ff812b53"
  },
  "C:\\Users\\Will\\Documents\\School_Of_Code\\Projects\\Home Grown - MACCAW\\bc13_final-project_front-end-maccaw\\home-grown\\pages\\index.js": {
    "path": "C:\\Users\\Will\\Documents\\School_Of_Code\\Projects\\Home Grown - MACCAW\\bc13_final-project_front-end-maccaw\\home-grown\\pages\\index.js",
    "statementMap": {
      "0": {
        "start": {
          "line": 7,
          "column": 2
        },
        "end": {
          "line": 53,
          "column": 4
        }
      }
    },
    "fnMap": {
      "0": {
        "name": "Home",
        "decl": {
          "start": {
            "line": 6,
            "column": 24
          },
          "end": {
            "line": 6,
            "column": 28
          }
        },
        "loc": {
          "start": {
            "line": 6,
            "column": 31
          },
          "end": {
            "line": 54,
            "column": 1
          }
        },
        "line": 6
      }
    },
    "branchMap": {},
    "s": {
      "0": 2
    },
    "f": {
      "0": 2
    },
    "b": {},
    "_coverageSchema": "1a1c01bbd47fc00a2c39e90264f33305004495a9",
    "hash": "c5561ccc4230cd2cb6a87d40d930a066551150e8"
  },
  "C:\\Users\\Will\\Documents\\School_Of_Code\\Projects\\Home Grown - MACCAW\\bc13_final-project_front-end-maccaw\\home-grown\\components\\ContactForm\\ContactForm.js": {
    "path": "C:\\Users\\Will\\Documents\\School_Of_Code\\Projects\\Home Grown - MACCAW\\bc13_final-project_front-end-maccaw\\home-grown\\components\\ContactForm\\ContactForm.js",
    "statementMap": {
      "0": {
        "start": {
          "line": 6,
          "column": 15
        },
        "end": {
          "line": 6,
          "column": 23
        }
      },
      "1": {
        "start": {
          "line": 7,
          "column": 32
        },
        "end": {
          "line": 7,
          "column": 47
        }
      },
      "2": {
        "start": {
          "line": 8,
          "column": 23
        },
        "end": {
          "line": 34,
          "column": 3
        }
      },
      "3": {
        "start": {
          "line": 9,
          "column": 4
        },
        "end": {
          "line": 9,
          "column": 23
        }
      },
      "4": {
        "start": {
          "line": 11,
          "column": 4
        },
        "end": {
          "line": 27,
          "column": 8
        }
      },
      "5": {
        "start": {
          "line": 20,
          "column": 10
        },
        "end": {
          "line": 20,
          "column": 35
        }
      },
      "6": {
        "start": {
          "line": 24,
          "column": 10
        },
        "end": {
          "line": 24,
          "column": 34
        }
      },
      "7": {
        "start": {
          "line": 29,
          "column": 4
        },
        "end": {
          "line": 29,
          "column": 21
        }
      },
      "8": {
        "start": {
          "line": 30,
          "column": 4
        },
        "end": {
          "line": 30,
          "column": 25
        }
      },
      "9": {
        "start": {
          "line": 31,
          "column": 4
        },
        "end": {
          "line": 31,
          "column": 18
        }
      },
      "10": {
        "start": {
          "line": 32,
          "column": 4
        },
        "end": {
          "line": 32,
          "column": 21
        }
      },
      "11": {
        "start": {
          "line": 37,
          "column": 4
        },
        "end": {
          "line": 37,
          "column": 22
        }
      },
      "12": {
        "start": {
          "line": 40,
          "column": 2
        },
        "end": {
          "line": 70,
          "column": 4
        }
      }
    },
    "fnMap": {
      "0": {
        "name": "ContactForm",
        "decl": {
          "start": {
            "line": 5,
            "column": 9
          },
          "end": {
            "line": 5,
            "column": 20
          }
        },
        "loc": {
          "start": {
            "line": 5,
            "column": 66
          },
          "end": {
            "line": 71,
            "column": 1
          }
        },
        "line": 5
      },
      "1": {
        "name": "(anonymous_1)",
        "decl": {
          "start": {
            "line": 8,
            "column": 23
          },
          "end": {
            "line": 8,
            "column": 24
          }
        },
        "loc": {
          "start": {
            "line": 8,
            "column": 30
          },
          "end": {
            "line": 34,
            "column": 3
          }
        },
        "line": 8
      },
      "2": {
        "name": "(anonymous_2)",
        "decl": {
          "start": {
            "line": 19,
            "column": 8
          },
          "end": {
            "line": 19,
            "column": 9
          }
        },
        "loc": {
          "start": {
            "line": 19,
            "column": 20
          },
          "end": {
            "line": 22,
            "column": 9
          }
        },
        "line": 19
      },
      "3": {
        "name": "(anonymous_3)",
        "decl": {
          "start": {
            "line": 23,
            "column": 8
          },
          "end": {
            "line": 23,
            "column": 9
          }
        },
        "loc": {
          "start": {
            "line": 23,
            "column": 19
          },
          "end": {
            "line": 26,
            "column": 9
          }
        },
        "line": 23
      },
      "4": {
        "name": "TimerHandler",
        "decl": {
          "start": {
            "line": 36,
            "column": 11
          },
          "end": {
            "line": 36,
            "column": 23
          }
        },
        "loc": {
          "start": {
            "line": 36,
            "column": 26
          },
          "end": {
            "line": 38,
            "column": 3
          }
        },
        "line": 36
      }
    },
    "branchMap": {},
    "s": {
      "0": 0,
      "1": 0,
      "2": 0,
      "3": 0,
      "4": 0,
      "5": 0,
      "6": 0,
      "7": 0,
      "8": 0,
      "9": 0,
      "10": 0,
      "11": 0,
      "12": 0
    },
    "f": {
      "0": 0,
      "1": 0,
      "2": 0,
      "3": 0,
      "4": 0
    },
    "b": {},
    "_coverageSchema": "1a1c01bbd47fc00a2c39e90264f33305004495a9",
    "hash": "a5c72df8969f91f94b27d56782d07cb3c285888a"
  },
  "C:\\Users\\Will\\Documents\\School_Of_Code\\Projects\\Home Grown - MACCAW\\bc13_final-project_front-end-maccaw\\home-grown\\components\\PopUpModal\\PopUpModal.js": {
    "path": "C:\\Users\\Will\\Documents\\School_Of_Code\\Projects\\Home Grown - MACCAW\\bc13_final-project_front-end-maccaw\\home-grown\\components\\PopUpModal\\PopUpModal.js",
    "statementMap": {
      "0": {
        "start": {
          "line": 6,
          "column": 26
        },
        "end": {
          "line": 6,
          "column": 41
        }
      },
      "1": {
        "start": {
          "line": 7,
          "column": 22
        },
        "end": {
          "line": 9,
          "column": 3
        }
      },
      "2": {
        "start": {
          "line": 8,
          "column": 4
        },
        "end": {
          "line": 8,
          "column": 19
        }
      },
      "3": {
        "start": {
          "line": 10,
          "column": 21
        },
        "end": {
          "line": 10,
          "column": 40
        }
      },
      "4": {
        "start": {
          "line": 10,
          "column": 27
        },
        "end": {
          "line": 10,
          "column": 40
        }
      },
      "5": {
        "start": {
          "line": 12,
          "column": 2
        },
        "end": {
          "line": 31,
          "column": 4
        }
      }
    },
    "fnMap": {
      "0": {
        "name": "MyPopup",
        "decl": {
          "start": {
            "line": 5,
            "column": 9
          },
          "end": {
            "line": 5,
            "column": 16
          }
        },
        "loc": {
          "start": {
            "line": 5,
            "column": 49
          },
          "end": {
            "line": 32,
            "column": 1
          }
        },
        "line": 5
      },
      "1": {
        "name": "(anonymous_1)",
        "decl": {
          "start": {
            "line": 7,
            "column": 22
          },
          "end": {
            "line": 7,
            "column": 23
          }
        },
        "loc": {
          "start": {
            "line": 7,
            "column": 28
          },
          "end": {
            "line": 9,
            "column": 3
          }
        },
        "line": 7
      },
      "2": {
        "name": "(anonymous_2)",
        "decl": {
          "start": {
            "line": 10,
            "column": 21
          },
          "end": {
            "line": 10,
            "column": 22
          }
        },
        "loc": {
          "start": {
            "line": 10,
            "column": 27
          },
          "end": {
            "line": 10,
            "column": 40
          }
        },
        "line": 10
      }
    },
    "branchMap": {
      "0": {
        "loc": {
          "start": {
            "line": 19,
            "column": 7
          },
          "end": {
            "line": 29,
            "column": 7
          }
        },
        "type": "binary-expr",
        "locations": [
          {
            "start": {
              "line": 19,
              "column": 7
            },
            "end": {
              "line": 19,
              "column": 11
            }
          },
          {
            "start": {
              "line": 20,
              "column": 8
            },
            "end": {
              "line": 28,
              "column": 14
            }
          }
        ],
        "line": 19
      }
    },
    "s": {
      "0": 682,
      "1": 682,
      "2": 0,
      "3": 682,
      "4": 0,
      "5": 682
    },
    "f": {
      "0": 682,
      "1": 0,
      "2": 0
    },
    "b": {
      "0": [
        682,
        0
      ]
    },
    "_coverageSchema": "1a1c01bbd47fc00a2c39e90264f33305004495a9",
    "hash": "253919e86444aac10098b9b6b7dc783f1bec0fe8"
  },
  "C:\\Users\\Will\\Documents\\School_Of_Code\\Projects\\Home Grown - MACCAW\\bc13_final-project_front-end-maccaw\\home-grown\\components\\ListingCard\\ListingCard.js": {
    "path": "C:\\Users\\Will\\Documents\\School_Of_Code\\Projects\\Home Grown - MACCAW\\bc13_final-project_front-end-maccaw\\home-grown\\components\\ListingCard\\ListingCard.js",
    "statementMap": {
      "0": {
        "start": {
          "line": 16,
          "column": 21
        },
        "end": {
          "line": 16,
          "column": 23
        }
      },
      "1": {
        "start": {
          "line": 19,
          "column": 4
        },
        "end": {
          "line": 21,
          "column": 5
        }
      },
      "2": {
        "start": {
          "line": 19,
          "column": 17
        },
        "end": {
          "line": 19,
          "column": 18
        }
      },
      "3": {
        "start": {
          "line": 20,
          "column": 6
        },
        "end": {
          "line": 20,
          "column": 27
        }
      },
      "4": {
        "start": {
          "line": 23,
          "column": 2
        },
        "end": {
          "line": 23,
          "column": 25
        }
      },
      "5": {
        "start": {
          "line": 25,
          "column": 19
        },
        "end": {
          "line": 25,
          "column": 38
        }
      },
      "6": {
        "start": {
          "line": 26,
          "column": 2
        },
        "end": {
          "line": 56,
          "column": 4
        }
      }
    },
    "fnMap": {
      "0": {
        "name": "ListingCard",
        "decl": {
          "start": {
            "line": 4,
            "column": 9
          },
          "end": {
            "line": 4,
            "column": 20
          }
        },
        "loc": {
          "start": {
            "line": 15,
            "column": 3
          },
          "end": {
            "line": 57,
            "column": 1
          }
        },
        "line": 15
      },
      "1": {
        "name": "generateRating",
        "decl": {
          "start": {
            "line": 18,
            "column": 11
          },
          "end": {
            "line": 18,
            "column": 25
          }
        },
        "loc": {
          "start": {
            "line": 18,
            "column": 34
          },
          "end": {
            "line": 22,
            "column": 3
          }
        },
        "line": 18
      }
    },
    "branchMap": {},
    "s": {
      "0": 682,
      "1": 682,
      "2": 682,
      "3": 2722,
      "4": 682,
      "5": 682,
      "6": 682
    },
    "f": {
      "0": 682,
      "1": 682
    },
    "b": {},
    "_coverageSchema": "1a1c01bbd47fc00a2c39e90264f33305004495a9",
    "hash": "02bccbe143a11e0436797b55ef9513f487a799e0"
  },
  "C:\\Users\\Will\\Documents\\School_Of_Code\\Projects\\Home Grown - MACCAW\\bc13_final-project_front-end-maccaw\\home-grown\\components\\ListingContainer\\ListingContainer.js": {
    "path": "C:\\Users\\Will\\Documents\\School_Of_Code\\Projects\\Home Grown - MACCAW\\bc13_final-project_front-end-maccaw\\home-grown\\components\\ListingContainer\\ListingContainer.js",
    "statementMap": {
      "0": {
        "start": {
          "line": 14,
          "column": 2
        },
        "end": {
          "line": 35,
          "column": 3
        }
      },
      "1": {
        "start": {
          "line": 15,
          "column": 4
        },
        "end": {
          "line": 15,
          "column": 33
        }
      },
      "2": {
        "start": {
          "line": 17,
          "column": 4
        },
        "end": {
          "line": 34,
          "column": 6
        }
      },
      "3": {
        "start": {
          "line": 20,
          "column": 10
        },
        "end": {
          "line": 31,
          "column": 12
        }
      }
    },
    "fnMap": {
      "0": {
        "name": "ListingContainer",
        "decl": {
          "start": {
            "line": 5,
            "column": 9
          },
          "end": {
            "line": 5,
            "column": 25
          }
        },
        "loc": {
          "start": {
            "line": 5,
            "column": 61
          },
          "end": {
            "line": 36,
            "column": 1
          }
        },
        "line": 5
      },
      "1": {
        "name": "(anonymous_1)",
        "decl": {
          "start": {
            "line": 19,
            "column": 19
          },
          "end": {
            "line": 19,
            "column": 20
          }
        },
        "loc": {
          "start": {
            "line": 20,
            "column": 10
          },
          "end": {
            "line": 31,
            "column": 12
          }
        },
        "line": 20
      }
    },
    "branchMap": {
      "0": {
        "loc": {
          "start": {
            "line": 14,
            "column": 2
          },
          "end": {
            "line": 35,
            "column": 3
          }
        },
        "type": "if",
        "locations": [
          {
            "start": {
              "line": 14,
              "column": 2
            },
            "end": {
              "line": 35,
              "column": 3
            }
          },
          {
            "start": {
              "line": 16,
              "column": 9
            },
            "end": {
              "line": 35,
              "column": 3
            }
          }
        ],
        "line": 14
      }
    },
    "s": {
      "0": 44,
      "1": 4,
      "2": 40,
      "3": 682
    },
    "f": {
      "0": 44,
      "1": 682
    },
    "b": {
      "0": [
        4,
        40
      ]
    },
    "_coverageSchema": "1a1c01bbd47fc00a2c39e90264f33305004495a9",
    "hash": "28c8537493bba4e38c6302025d343381f3a8ea35"
  },
  "C:\\Users\\Will\\Documents\\School_Of_Code\\Projects\\Home Grown - MACCAW\\bc13_final-project_front-end-maccaw\\home-grown\\components\\SearchBar\\SearchBar.js": {
    "path": "C:\\Users\\Will\\Documents\\School_Of_Code\\Projects\\Home Grown - MACCAW\\bc13_final-project_front-end-maccaw\\home-grown\\components\\SearchBar\\SearchBar.js",
    "statementMap": {
      "0": {
        "start": {
          "line": 4,
          "column": 25
        },
        "end": {
          "line": 30,
          "column": 1
        }
      },
      "1": {
        "start": {
          "line": 11,
          "column": 2
        },
        "end": {
          "line": 29,
          "column": 4
        }
      },
      "2": {
        "start": {
          "line": 18,
          "column": 25
        },
        "end": {
          "line": 18,
          "column": 50
        }
      }
    },
    "fnMap": {
      "0": {
        "name": "(anonymous_0)",
        "decl": {
          "start": {
            "line": 4,
            "column": 25
          },
          "end": {
            "line": 4,
            "column": 26
          }
        },
        "loc": {
          "start": {
            "line": 10,
            "column": 6
          },
          "end": {
            "line": 30,
            "column": 1
          }
        },
        "line": 10
      },
      "1": {
        "name": "(anonymous_1)",
        "decl": {
          "start": {
            "line": 18,
            "column": 18
          },
          "end": {
            "line": 18,
            "column": 19
          }
        },
        "loc": {
          "start": {
            "line": 18,
            "column": 25
          },
          "end": {
            "line": 18,
            "column": 50
          }
        },
        "line": 18
      }
    },
    "branchMap": {},
    "s": {
      "0": 2,
      "1": 44,
      "2": 13
    },
    "f": {
      "0": 44,
      "1": 13
    },
    "b": {},
    "_coverageSchema": "1a1c01bbd47fc00a2c39e90264f33305004495a9",
    "hash": "b12075aa9340a92cc0e01ad54af51c0b3a6d8524"
  },
  "C:\\Users\\Will\\Documents\\School_Of_Code\\Projects\\Home Grown - MACCAW\\bc13_final-project_front-end-maccaw\\home-grown\\pages\\listings.js": {
    "path": "C:\\Users\\Will\\Documents\\School_Of_Code\\Projects\\Home Grown - MACCAW\\bc13_final-project_front-end-maccaw\\home-grown\\pages\\listings.js",
    "statementMap": {
      "0": {
        "start": {
          "line": 8,
          "column": 2
        },
        "end": {
          "line": 10,
          "column": 9
        }
      },
      "1": {
        "start": {
          "line": 9,
          "column": 4
        },
        "end": {
          "line": 9,
          "column": 18
        }
      },
      "2": {
        "start": {
          "line": 12,
          "column": 30
        },
        "end": {
          "line": 12,
          "column": 42
        }
      },
      "3": {
        "start": {
          "line": 13,
          "column": 20
        },
        "end": {
          "line": 13,
          "column": 61
        }
      },
      "4": {
        "start": {
          "line": 14,
          "column": 28
        },
        "end": {
          "line": 14,
          "column": 42
        }
      },
      "5": {
        "start": {
          "line": 17,
          "column": 21
        },
        "end": {
          "line": 19,
          "column": 5
        }
      },
      "6": {
        "start": {
          "line": 20,
          "column": 17
        },
        "end": {
          "line": 20,
          "column": 38
        }
      },
      "7": {
        "start": {
          "line": 21,
          "column": 4
        },
        "end": {
          "line": 21,
          "column": 27
        }
      },
      "8": {
        "start": {
          "line": 27,
          "column": 4
        },
        "end": {
          "line": 36,
          "column": 5
        }
      },
      "9": {
        "start": {
          "line": 28,
          "column": 21
        },
        "end": {
          "line": 32,
          "column": 7
        }
      },
      "10": {
        "start": {
          "line": 30,
          "column": 10
        },
        "end": {
          "line": 31,
          "column": 72
        }
      },
      "11": {
        "start": {
          "line": 33,
          "column": 6
        },
        "end": {
          "line": 33,
          "column": 25
        }
      },
      "12": {
        "start": {
          "line": 35,
          "column": 6
        },
        "end": {
          "line": 35,
          "column": 40
        }
      },
      "13": {
        "start": {
          "line": 40,
          "column": 4
        },
        "end": {
          "line": 40,
          "column": 33
        }
      },
      "14": {
        "start": {
          "line": 41,
          "column": 4
        },
        "end": {
          "line": 41,
          "column": 18
        }
      },
      "15": {
        "start": {
          "line": 42,
          "column": 4
        },
        "end": {
          "line": 42,
          "column": 18
        }
      },
      "16": {
        "start": {
          "line": 46,
          "column": 4
        },
        "end": {
          "line": 46,
          "column": 33
        }
      },
      "17": {
        "start": {
          "line": 49,
          "column": 2
        },
        "end": {
          "line": 65,
          "column": 4
        }
      }
    },
    "fnMap": {
      "0": {
        "name": "Listings",
        "decl": {
          "start": {
            "line": 7,
            "column": 9
          },
          "end": {
            "line": 7,
            "column": 17
          }
        },
        "loc": {
          "start": {
            "line": 7,
            "column": 20
          },
          "end": {
            "line": 66,
            "column": 1
          }
        },
        "line": 7
      },
      "1": {
        "name": "(anonymous_1)",
        "decl": {
          "start": {
            "line": 8,
            "column": 12
          },
          "end": {
            "line": 8,
            "column": 13
          }
        },
        "loc": {
          "start": {
            "line": 8,
            "column": 18
          },
          "end": {
            "line": 10,
            "column": 3
          }
        },
        "line": 8
      },
      "2": {
        "name": "getPostData",
        "decl": {
          "start": {
            "line": 16,
            "column": 17
          },
          "end": {
            "line": 16,
            "column": 28
          }
        },
        "loc": {
          "start": {
            "line": 16,
            "column": 31
          },
          "end": {
            "line": 22,
            "column": 3
          }
        },
        "line": 16
      },
      "3": {
        "name": "handleClick",
        "decl": {
          "start": {
            "line": 25,
            "column": 17
          },
          "end": {
            "line": 25,
            "column": 28
          }
        },
        "loc": {
          "start": {
            "line": 25,
            "column": 31
          },
          "end": {
            "line": 37,
            "column": 3
          }
        },
        "line": 25
      },
      "4": {
        "name": "(anonymous_4)",
        "decl": {
          "start": {
            "line": 29,
            "column": 8
          },
          "end": {
            "line": 29,
            "column": 9
          }
        },
        "loc": {
          "start": {
            "line": 30,
            "column": 10
          },
          "end": {
            "line": 31,
            "column": 72
          }
        },
        "line": 30
      },
      "5": {
        "name": "handleClear",
        "decl": {
          "start": {
            "line": 39,
            "column": 11
          },
          "end": {
            "line": 39,
            "column": 22
          }
        },
        "loc": {
          "start": {
            "line": 39,
            "column": 25
          },
          "end": {
            "line": 43,
            "column": 3
          }
        },
        "line": 39
      },
      "6": {
        "name": "showEmailToast",
        "decl": {
          "start": {
            "line": 45,
            "column": 11
          },
          "end": {
            "line": 45,
            "column": 25
          }
        },
        "loc": {
          "start": {
            "line": 45,
            "column": 28
          },
          "end": {
            "line": 47,
            "column": 3
          }
        },
        "line": 45
      }
    },
    "branchMap": {
      "0": {
        "loc": {
          "start": {
            "line": 27,
            "column": 4
          },
          "end": {
            "line": 36,
            "column": 5
          }
        },
        "type": "if",
        "locations": [
          {
            "start": {
              "line": 27,
              "column": 4
            },
            "end": {
              "line": 36,
              "column": 5
            }
          },
          {
            "start": {
              "line": 34,
              "column": 11
            },
            "end": {
              "line": 36,
              "column": 5
            }
          }
        ],
        "line": 27
      },
      "1": {
        "loc": {
          "start": {
            "line": 30,
            "column": 10
          },
          "end": {
            "line": 31,
            "column": 72
          }
        },
        "type": "binary-expr",
        "locations": [
          {
            "start": {
              "line": 30,
              "column": 10
            },
            "end": {
              "line": 30,
              "column": 57
            }
          },
          {
            "start": {
              "line": 31,
              "column": 10
            },
            "end": {
              "line": 31,
              "column": 72
            }
          }
        ],
        "line": 30
      }
    },
    "s": {
      "0": 44,
      "1": 4,
      "2": 44,
      "3": 44,
      "4": 44,
      "5": 5,
      "6": 4,
      "7": 4,
      "8": 2,
      "9": 2,
      "10": 38,
      "11": 2,
      "12": 0,
      "13": 1,
      "14": 1,
      "15": 1,
      "16": 0,
      "17": 44
    },
    "f": {
      "0": 44,
      "1": 4,
      "2": 5,
      "3": 2,
      "4": 38,
      "5": 1,
      "6": 0
    },
    "b": {
      "0": [
        2,
        0
      ],
      "1": [
        38,
        34
      ]
    },
    "_coverageSchema": "1a1c01bbd47fc00a2c39e90264f33305004495a9",
    "hash": "5c22b6f01f24d877db22d19f1f4950ff83055cd1"
  },
  "C:\\Users\\Will\\Documents\\School_Of_Code\\Projects\\Home Grown - MACCAW\\bc13_final-project_front-end-maccaw\\home-grown\\pages\\login.js": {
    "path": "C:\\Users\\Will\\Documents\\School_Of_Code\\Projects\\Home Grown - MACCAW\\bc13_final-project_front-end-maccaw\\home-grown\\pages\\login.js",
    "statementMap": {
      "0": {
        "start": {
          "line": 8,
          "column": 19
        },
        "end": {
          "line": 8,
          "column": 27
        }
      },
      "1": {
        "start": {
          "line": 9,
          "column": 22
        },
        "end": {
          "line": 9,
          "column": 30
        }
      },
      "2": {
        "start": {
          "line": 10,
          "column": 20
        },
        "end": {
          "line": 10,
          "column": 29
        }
      },
      "3": {
        "start": {
          "line": 11,
          "column": 24
        },
        "end": {
          "line": 11,
          "column": 36
        }
      },
      "4": {
        "start": {
          "line": 12,
          "column": 32
        },
        "end": {
          "line": 12,
          "column": 47
        }
      },
      "5": {
        "start": {
          "line": 13,
          "column": 17
        },
        "end": {
          "line": 13,
          "column": 28
        }
      },
      "6": {
        "start": {
          "line": 16,
          "column": 4
        },
        "end": {
          "line": 16,
          "column": 23
        }
      },
      "7": {
        "start": {
          "line": 18,
          "column": 4
        },
        "end": {
          "line": 25,
          "column": 5
        }
      },
      "8": {
        "start": {
          "line": 19,
          "column": 6
        },
        "end": {
          "line": 19,
          "column": 17
        }
      },
      "9": {
        "start": {
          "line": 20,
          "column": 6
        },
        "end": {
          "line": 20,
          "column": 23
        }
      },
      "10": {
        "start": {
          "line": 21,
          "column": 6
        },
        "end": {
          "line": 21,
          "column": 69
        }
      },
      "11": {
        "start": {
          "line": 22,
          "column": 6
        },
        "end": {
          "line": 22,
          "column": 32
        }
      },
      "12": {
        "start": {
          "line": 24,
          "column": 6
        },
        "end": {
          "line": 24,
          "column": 34
        }
      },
      "13": {
        "start": {
          "line": 26,
          "column": 4
        },
        "end": {
          "line": 26,
          "column": 22
        }
      },
      "14": {
        "start": {
          "line": 29,
          "column": 2
        },
        "end": {
          "line": 71,
          "column": 4
        }
      }
    },
    "fnMap": {
      "0": {
        "name": "Login",
        "decl": {
          "start": {
            "line": 7,
            "column": 24
          },
          "end": {
            "line": 7,
            "column": 29
          }
        },
        "loc": {
          "start": {
            "line": 7,
            "column": 32
          },
          "end": {
            "line": 72,
            "column": 1
          }
        },
        "line": 7
      },
      "1": {
        "name": "handleSubmit",
        "decl": {
          "start": {
            "line": 15,
            "column": 17
          },
          "end": {
            "line": 15,
            "column": 29
          }
        },
        "loc": {
          "start": {
            "line": 15,
            "column": 33
          },
          "end": {
            "line": 27,
            "column": 3
          }
        },
        "line": 15
      }
    },
    "branchMap": {
      "0": {
        "loc": {
          "start": {
            "line": 34,
            "column": 11
          },
          "end": {
            "line": 34,
            "column": 32
          }
        },
        "type": "binary-expr",
        "locations": [
          {
            "start": {
              "line": 34,
              "column": 11
            },
            "end": {
              "line": 34,
              "column": 14
            }
          },
          {
            "start": {
              "line": 34,
              "column": 18
            },
            "end": {
              "line": 34,
              "column": 32
            }
          }
        ],
        "line": 34
      }
    },
    "s": {
      "0": 12,
      "1": 12,
      "2": 12,
      "3": 12,
      "4": 12,
      "5": 12,
      "6": 2,
      "7": 2,
      "8": 2,
      "9": 2,
      "10": 2,
      "11": 1,
      "12": 1,
      "13": 2,
      "14": 12
    },
    "f": {
      "0": 12,
      "1": 2
    },
    "b": {
      "0": [
        12,
        2
      ]
    },
    "_coverageSchema": "1a1c01bbd47fc00a2c39e90264f33305004495a9",
    "hash": "b82bba126bc3f695f6dfc196e3f78182f5ba5321"
  },
  "C:\\Users\\Will\\Documents\\School_Of_Code\\Projects\\Home Grown - MACCAW\\bc13_final-project_front-end-maccaw\\home-grown\\components\\Dashboard\\Title.js": {
    "path": "C:\\Users\\Will\\Documents\\School_Of_Code\\Projects\\Home Grown - MACCAW\\bc13_final-project_front-end-maccaw\\home-grown\\components\\Dashboard\\Title.js",
    "statementMap": {
      "0": {
        "start": {
          "line": 8,
          "column": 21
        },
        "end": {
          "line": 29,
          "column": 1
        }
      },
      "1": {
        "start": {
          "line": 9,
          "column": 2
        },
        "end": {
          "line": 28,
          "column": 4
        }
      }
    },
    "fnMap": {
      "0": {
        "name": "(anonymous_0)",
        "decl": {
          "start": {
            "line": 8,
            "column": 21
          },
          "end": {
            "line": 8,
            "column": 22
          }
        },
        "loc": {
          "start": {
            "line": 8,
            "column": 39
          },
          "end": {
            "line": 29,
            "column": 1
          }
        },
        "line": 8
      }
    },
    "branchMap": {},
    "s": {
      "0": 2,
      "1": 6
    },
    "f": {
      "0": 6
    },
    "b": {},
    "_coverageSchema": "1a1c01bbd47fc00a2c39e90264f33305004495a9",
    "hash": "8a34c996cdb978f68022142151e0c02271540712"
  },
  "C:\\Users\\Will\\Documents\\School_Of_Code\\Projects\\Home Grown - MACCAW\\bc13_final-project_front-end-maccaw\\home-grown\\components\\Dashboard\\Profile.js": {
    "path": "C:\\Users\\Will\\Documents\\School_Of_Code\\Projects\\Home Grown - MACCAW\\bc13_final-project_front-end-maccaw\\home-grown\\components\\Dashboard\\Profile.js",
    "statementMap": {
      "0": {
        "start": {
          "line": 5,
          "column": 21
        },
        "end": {
          "line": 5,
          "column": 23
        }
      },
      "1": {
        "start": {
          "line": 8,
          "column": 4
        },
        "end": {
          "line": 10,
          "column": 5
        }
      },
      "2": {
        "start": {
          "line": 8,
          "column": 17
        },
        "end": {
          "line": 8,
          "column": 18
        }
      },
      "3": {
        "start": {
          "line": 9,
          "column": 6
        },
        "end": {
          "line": 9,
          "column": 27
        }
      },
      "4": {
        "start": {
          "line": 12,
          "column": 2
        },
        "end": {
          "line": 12,
          "column": 34
        }
      },
      "5": {
        "start": {
          "line": 14,
          "column": 2
        },
        "end": {
          "line": 32,
          "column": 4
        }
      }
    },
    "fnMap": {
      "0": {
        "name": "Profile",
        "decl": {
          "start": {
            "line": 4,
            "column": 24
          },
          "end": {
            "line": 4,
            "column": 31
          }
        },
        "loc": {
          "start": {
            "line": 4,
            "column": 46
          },
          "end": {
            "line": 33,
            "column": 1
          }
        },
        "line": 4
      },
      "1": {
        "name": "generateRating",
        "decl": {
          "start": {
            "line": 7,
            "column": 11
          },
          "end": {
            "line": 7,
            "column": 25
          }
        },
        "loc": {
          "start": {
            "line": 7,
            "column": 34
          },
          "end": {
            "line": 11,
            "column": 3
          }
        },
        "line": 7
      }
    },
    "branchMap": {},
    "s": {
      "0": 6,
      "1": 6,
      "2": 6,
      "3": 18,
      "4": 6,
      "5": 6
    },
    "f": {
      "0": 6,
      "1": 6
    },
    "b": {},
    "_coverageSchema": "1a1c01bbd47fc00a2c39e90264f33305004495a9",
    "hash": "47c5d5536c1f89808d70466fc1735b3e90a88901"
  },
  "C:\\Users\\Will\\Documents\\School_Of_Code\\Projects\\Home Grown - MACCAW\\bc13_final-project_front-end-maccaw\\home-grown\\components\\Dashboard\\PlotChart.js": {
    "path": "C:\\Users\\Will\\Documents\\School_Of_Code\\Projects\\Home Grown - MACCAW\\bc13_final-project_front-end-maccaw\\home-grown\\components\\Dashboard\\PlotChart.js",
    "statementMap": {
      "0": {
        "start": {
          "line": 6,
          "column": 0
        },
        "end": {
          "line": 6,
          "column": 46
        }
      },
      "1": {
        "start": {
          "line": 9,
          "column": 2
        },
        "end": {
          "line": 9,
          "column": 43
        }
      },
      "2": {
        "start": {
          "line": 10,
          "column": 2
        },
        "end": {
          "line": 47,
          "column": 3
        }
      },
      "3": {
        "start": {
          "line": 11,
          "column": 4
        },
        "end": {
          "line": 11,
          "column": 31
        }
      },
      "4": {
        "start": {
          "line": 13,
          "column": 22
        },
        "end": {
          "line": 13,
          "column": 67
        }
      },
      "5": {
        "start": {
          "line": 13,
          "column": 49
        },
        "end": {
          "line": 13,
          "column": 66
        }
      },
      "6": {
        "start": {
          "line": 14,
          "column": 20
        },
        "end": {
          "line": 16,
          "column": 5
        }
      },
      "7": {
        "start": {
          "line": 15,
          "column": 19
        },
        "end": {
          "line": 15,
          "column": 59
        }
      },
      "8": {
        "start": {
          "line": 18,
          "column": 17
        },
        "end": {
          "line": 40,
          "column": 5
        }
      },
      "9": {
        "start": {
          "line": 42,
          "column": 4
        },
        "end": {
          "line": 46,
          "column": 6
        }
      }
    },
    "fnMap": {
      "0": {
        "name": "PlotChart",
        "decl": {
          "start": {
            "line": 8,
            "column": 24
          },
          "end": {
            "line": 8,
            "column": 33
          }
        },
        "loc": {
          "start": {
            "line": 8,
            "column": 49
          },
          "end": {
            "line": 48,
            "column": 1
          }
        },
        "line": 8
      },
      "1": {
        "name": "(anonymous_1)",
        "decl": {
          "start": {
            "line": 13,
            "column": 36
          },
          "end": {
            "line": 13,
            "column": 37
          }
        },
        "loc": {
          "start": {
            "line": 13,
            "column": 49
          },
          "end": {
            "line": 13,
            "column": 66
          }
        },
        "line": 13
      },
      "2": {
        "name": "(anonymous_2)",
        "decl": {
          "start": {
            "line": 15,
            "column": 6
          },
          "end": {
            "line": 15,
            "column": 7
          }
        },
        "loc": {
          "start": {
            "line": 15,
            "column": 19
          },
          "end": {
            "line": 15,
            "column": 59
          }
        },
        "line": 15
      }
    },
    "branchMap": {
      "0": {
        "loc": {
          "start": {
            "line": 10,
            "column": 2
          },
          "end": {
            "line": 47,
            "column": 3
          }
        },
        "type": "if",
        "locations": [
          {
            "start": {
              "line": 10,
              "column": 2
            },
            "end": {
              "line": 47,
              "column": 3
            }
          },
          {
            "start": {
              "line": 12,
              "column": 9
            },
            "end": {
              "line": 47,
              "column": 3
            }
          }
        ],
        "line": 10
      }
    },
    "s": {
      "0": 2,
      "1": 6,
      "2": 6,
      "3": 4,
      "4": 2,
      "5": 8,
      "6": 2,
      "7": 8,
      "8": 2,
      "9": 2
    },
    "f": {
      "0": 6,
      "1": 8,
      "2": 8
    },
    "b": {
      "0": [
        4,
        2
      ]
    },
    "_coverageSchema": "1a1c01bbd47fc00a2c39e90264f33305004495a9",
    "hash": "d81f987759a606f4921ab56b7fa42d377884f023"
  },
  "C:\\Users\\Will\\Documents\\School_Of_Code\\Projects\\Home Grown - MACCAW\\bc13_final-project_front-end-maccaw\\home-grown\\components\\Dashboard\\CropTable\\CropTableCard.js": {
    "path": "C:\\Users\\Will\\Documents\\School_Of_Code\\Projects\\Home Grown - MACCAW\\bc13_final-project_front-end-maccaw\\home-grown\\components\\Dashboard\\CropTable\\CropTableCard.js",
    "statementMap": {
      "0": {
        "start": {
          "line": 11,
          "column": 2
        },
        "end": {
          "line": 33,
          "column": 4
        }
      }
    },
    "fnMap": {
      "0": {
        "name": "CropTableCard",
        "decl": {
          "start": {
            "line": 3,
            "column": 9
          },
          "end": {
            "line": 3,
            "column": 22
          }
        },
        "loc": {
          "start": {
            "line": 10,
            "column": 3
          },
          "end": {
            "line": 34,
            "column": 1
          }
        },
        "line": 10
      }
    },
    "branchMap": {},
    "s": {
      "0": 8
    },
    "f": {
      "0": 8
    },
    "b": {},
    "_coverageSchema": "1a1c01bbd47fc00a2c39e90264f33305004495a9",
    "hash": "ef1a3f4c6c830a81d85cd799b342af1a5b7a411e"
  },
  "C:\\Users\\Will\\Documents\\School_Of_Code\\Projects\\Home Grown - MACCAW\\bc13_final-project_front-end-maccaw\\home-grown\\components\\Dashboard\\CropTable\\CropTableContainer.js": {
    "path": "C:\\Users\\Will\\Documents\\School_Of_Code\\Projects\\Home Grown - MACCAW\\bc13_final-project_front-end-maccaw\\home-grown\\components\\Dashboard\\CropTable\\CropTableContainer.js",
    "statementMap": {
      "0": {
        "start": {
          "line": 5,
          "column": 4
        },
        "end": {
          "line": 5,
          "column": 42
        }
      },
      "1": {
        "start": {
          "line": 8,
          "column": 3
        },
        "end": {
          "line": 17,
          "column": 4
        }
      },
      "2": {
        "start": {
          "line": 9,
          "column": 4
        },
        "end": {
          "line": 12,
          "column": 17
        }
      },
      "3": {
        "start": {
          "line": 11,
          "column": 34
        },
        "end": {
          "line": 11,
          "column": 263
        }
      },
      "4": {
        "start": {
          "line": 16,
          "column": 4
        },
        "end": {
          "line": 16,
          "column": 31
        }
      }
    },
    "fnMap": {
      "0": {
        "name": "CropTableContainer",
        "decl": {
          "start": {
            "line": 4,
            "column": 9
          },
          "end": {
            "line": 4,
            "column": 27
          }
        },
        "loc": {
          "start": {
            "line": 4,
            "column": 41
          },
          "end": {
            "line": 19,
            "column": 1
          }
        },
        "line": 4
      },
      "1": {
        "name": "(anonymous_1)",
        "decl": {
          "start": {
            "line": 11,
            "column": 23
          },
          "end": {
            "line": 11,
            "column": 24
          }
        },
        "loc": {
          "start": {
            "line": 11,
            "column": 34
          },
          "end": {
            "line": 11,
            "column": 263
          }
        },
        "line": 11
      }
    },
    "branchMap": {
      "0": {
        "loc": {
          "start": {
            "line": 8,
            "column": 3
          },
          "end": {
            "line": 17,
            "column": 4
          }
        },
        "type": "if",
        "locations": [
          {
            "start": {
              "line": 8,
              "column": 3
            },
            "end": {
              "line": 17,
              "column": 4
            }
          },
          {
            "start": {
              "line": 15,
              "column": 7
            },
            "end": {
              "line": 17,
              "column": 4
            }
          }
        ],
        "line": 8
      }
    },
    "s": {
      "0": 6,
      "1": 6,
      "2": 2,
      "3": 8,
      "4": 4
    },
    "f": {
      "0": 6,
      "1": 8
    },
    "b": {
      "0": [
        2,
        4
      ]
    },
    "_coverageSchema": "1a1c01bbd47fc00a2c39e90264f33305004495a9",
    "hash": "b640eb645732edd8e0fe48f78e7ba047fb0b8aa9"
  },
  "C:\\Users\\Will\\Documents\\School_Of_Code\\Projects\\Home Grown - MACCAW\\bc13_final-project_front-end-maccaw\\home-grown\\pages\\dashboard.js": {
    "path": "C:\\Users\\Will\\Documents\\School_Of_Code\\Projects\\Home Grown - MACCAW\\bc13_final-project_front-end-maccaw\\home-grown\\pages\\dashboard.js",
    "statementMap": {
      "0": {
        "start": {
          "line": 14,
          "column": 24
        },
        "end": {
          "line": 14,
          "column": 36
        }
      },
      "1": {
        "start": {
          "line": 15,
          "column": 55
        },
        "end": {
          "line": 15,
          "column": 64
        }
      },
      "2": {
        "start": {
          "line": 16,
          "column": 17
        },
        "end": {
          "line": 16,
          "column": 28
        }
      },
      "3": {
        "start": {
          "line": 17,
          "column": 34
        },
        "end": {
          "line": 17,
          "column": 44
        }
      },
      "4": {
        "start": {
          "line": 18,
          "column": 36
        },
        "end": {
          "line": 18,
          "column": 50
        }
      },
      "5": {
        "start": {
          "line": 19,
          "column": 36
        },
        "end": {
          "line": 19,
          "column": 46
        }
      },
      "6": {
        "start": {
          "line": 21,
          "column": 24
        },
        "end": {
          "line": 24,
          "column": 3
        }
      },
      "7": {
        "start": {
          "line": 26,
          "column": 2
        },
        "end": {
          "line": 28,
          "column": 3
        }
      },
      "8": {
        "start": {
          "line": 27,
          "column": 4
        },
        "end": {
          "line": 27,
          "column": 26
        }
      },
      "9": {
        "start": {
          "line": 30,
          "column": 2
        },
        "end": {
          "line": 35,
          "column": 9
        }
      },
      "10": {
        "start": {
          "line": 31,
          "column": 4
        },
        "end": {
          "line": 34,
          "column": 5
        }
      },
      "11": {
        "start": {
          "line": 32,
          "column": 6
        },
        "end": {
          "line": 32,
          "column": 16
        }
      },
      "12": {
        "start": {
          "line": 33,
          "column": 6
        },
        "end": {
          "line": 33,
          "column": 17
        }
      },
      "13": {
        "start": {
          "line": 38,
          "column": 22
        },
        "end": {
          "line": 38,
          "column": 37
        }
      },
      "14": {
        "start": {
          "line": 39,
          "column": 16
        },
        "end": {
          "line": 39,
          "column": 46
        }
      },
      "15": {
        "start": {
          "line": 41,
          "column": 21
        },
        "end": {
          "line": 48,
          "column": 5
        }
      },
      "16": {
        "start": {
          "line": 50,
          "column": 17
        },
        "end": {
          "line": 50,
          "column": 38
        }
      },
      "17": {
        "start": {
          "line": 52,
          "column": 4
        },
        "end": {
          "line": 52,
          "column": 31
        }
      },
      "18": {
        "start": {
          "line": 56,
          "column": 16
        },
        "end": {
          "line": 56,
          "column": 46
        }
      },
      "19": {
        "start": {
          "line": 57,
          "column": 22
        },
        "end": {
          "line": 57,
          "column": 37
        }
      },
      "20": {
        "start": {
          "line": 58,
          "column": 21
        },
        "end": {
          "line": 65,
          "column": 5
        }
      },
      "21": {
        "start": {
          "line": 67,
          "column": 17
        },
        "end": {
          "line": 67,
          "column": 38
        }
      },
      "22": {
        "start": {
          "line": 68,
          "column": 4
        },
        "end": {
          "line": 68,
          "column": 22
        }
      },
      "23": {
        "start": {
          "line": 69,
          "column": 4
        },
        "end": {
          "line": 69,
          "column": 33
        }
      },
      "24": {
        "start": {
          "line": 70,
          "column": 4
        },
        "end": {
          "line": 70,
          "column": 24
        }
      },
      "25": {
        "start": {
          "line": 74,
          "column": 4
        },
        "end": {
          "line": 74,
          "column": 15
        }
      },
      "26": {
        "start": {
          "line": 76,
          "column": 4
        },
        "end": {
          "line": 81,
          "column": 5
        }
      },
      "27": {
        "start": {
          "line": 77,
          "column": 6
        },
        "end": {
          "line": 77,
          "column": 21
        }
      },
      "28": {
        "start": {
          "line": 78,
          "column": 6
        },
        "end": {
          "line": 78,
          "column": 28
        }
      },
      "29": {
        "start": {
          "line": 80,
          "column": 6
        },
        "end": {
          "line": 80,
          "column": 34
        }
      },
      "30": {
        "start": {
          "line": 84,
          "column": 2
        },
        "end": {
          "line": 119,
          "column": 3
        }
      },
      "31": {
        "start": {
          "line": 85,
          "column": 4
        },
        "end": {
          "line": 85,
          "column": 33
        }
      },
      "32": {
        "start": {
          "line": 87,
          "column": 4
        },
        "end": {
          "line": 118,
          "column": 6
        }
      }
    },
    "fnMap": {
      "0": {
        "name": "Dashboard",
        "decl": {
          "start": {
            "line": 13,
            "column": 24
          },
          "end": {
            "line": 13,
            "column": 33
          }
        },
        "loc": {
          "start": {
            "line": 13,
            "column": 36
          },
          "end": {
            "line": 120,
            "column": 1
          }
        },
        "line": 13
      },
      "1": {
        "name": "(anonymous_1)",
        "decl": {
          "start": {
            "line": 30,
            "column": 12
          },
          "end": {
            "line": 30,
            "column": 13
          }
        },
        "loc": {
          "start": {
            "line": 30,
            "column": 18
          },
          "end": {
            "line": 35,
            "column": 3
          }
        },
        "line": 30
      },
      "2": {
        "name": "getPosts",
        "decl": {
          "start": {
            "line": 37,
            "column": 17
          },
          "end": {
            "line": 37,
            "column": 25
          }
        },
        "loc": {
          "start": {
            "line": 37,
            "column": 28
          },
          "end": {
            "line": 53,
            "column": 3
          }
        },
        "line": 37
      },
      "3": {
        "name": "getData",
        "decl": {
          "start": {
            "line": 55,
            "column": 17
          },
          "end": {
            "line": 55,
            "column": 24
          }
        },
        "loc": {
          "start": {
            "line": 55,
            "column": 27
          },
          "end": {
            "line": 71,
            "column": 3
          }
        },
        "line": 55
      },
      "4": {
        "name": "handleLogout",
        "decl": {
          "start": {
            "line": 73,
            "column": 17
          },
          "end": {
            "line": 73,
            "column": 29
          }
        },
        "loc": {
          "start": {
            "line": 73,
            "column": 32
          },
          "end": {
            "line": 82,
            "column": 3
          }
        },
        "line": 73
      }
    },
    "branchMap": {
      "0": {
        "loc": {
          "start": {
            "line": 26,
            "column": 2
          },
          "end": {
            "line": 28,
            "column": 3
          }
        },
        "type": "if",
        "locations": [
          {
            "start": {
              "line": 26,
              "column": 2
            },
            "end": {
              "line": 28,
              "column": 3
            }
          },
          {
            "start": {},
            "end": {}
          }
        ],
        "line": 26
      },
      "1": {
        "loc": {
          "start": {
            "line": 31,
            "column": 4
          },
          "end": {
            "line": 34,
            "column": 5
          }
        },
        "type": "if",
        "locations": [
          {
            "start": {
              "line": 31,
              "column": 4
            },
            "end": {
              "line": 34,
              "column": 5
            }
          },
          {
            "start": {},
            "end": {}
          }
        ],
        "line": 31
      },
      "2": {
        "loc": {
          "start": {
            "line": 84,
            "column": 2
          },
          "end": {
            "line": 119,
            "column": 3
          }
        },
        "type": "if",
        "locations": [
          {
            "start": {
              "line": 84,
              "column": 2
            },
            "end": {
              "line": 119,
              "column": 3
            }
          },
          {
            "start": {
              "line": 86,
              "column": 9
            },
            "end": {
              "line": 119,
              "column": 3
            }
          }
        ],
        "line": 84
      },
      "3": {
        "loc": {
          "start": {
            "line": 92,
            "column": 11
          },
          "end": {
            "line": 99,
            "column": 11
          }
        },
        "type": "cond-expr",
        "locations": [
          {
            "start": {
              "line": 93,
              "column": 12
            },
            "end": {
              "line": 93,
              "column": 67
            }
          },
          {
            "start": {
              "line": 95,
              "column": 12
            },
            "end": {
              "line": 98,
              "column": 14
            }
          }
        ],
        "line": 92
      }
    },
    "s": {
      "0": 11,
      "1": 10,
      "2": 10,
      "3": 10,
      "4": 10,
      "5": 10,
      "6": 10,
      "7": 10,
      "8": 0,
      "9": 10,
      "10": 4,
      "11": 4,
      "12": 4,
      "13": 4,
      "14": 4,
      "15": 4,
      "16": 1,
      "17": 1,
      "18": 4,
      "19": 4,
      "20": 4,
      "21": 2,
      "22": 2,
      "23": 2,
      "24": 2,
      "25": 0,
      "26": 0,
      "27": 0,
      "28": 0,
      "29": 0,
      "30": 10,
      "31": 4,
      "32": 6
    },
    "f": {
      "0": 11,
      "1": 4,
      "2": 4,
      "3": 4,
      "4": 0
    },
    "b": {
      "0": [
        0,
        10
      ],
      "1": [
        4,
        0
      ],
      "2": [
        4,
        6
      ],
      "3": [
        6,
        0
      ]
    },
    "_coverageSchema": "1a1c01bbd47fc00a2c39e90264f33305004495a9",
    "hash": "b780a82fb41286fb286177cb7db87aae6c6216d2"
  },
  "C:\\Users\\Will\\Documents\\School_Of_Code\\Projects\\Home Grown - MACCAW\\bc13_final-project_front-end-maccaw\\home-grown\\components\\PostForm\\PostForm.js": {
[...]
        },
        "end": {
          "line": 30,
          "column": 35
        }
      },
      "3": {
        "start": {
          "line": 31,
          "column": 26
        },
        "end": {
          "line": 31,
          "column": 41
        }
      },
      "4": {
        "start": {
          "line": 32,
          "column": 19
        },
        "end": {
          "line": 32,
          "column": 27
        }
      },
      "5": {
        "start": {
          "line": 33,
          "column": 25
        },
        "end": {
          "line": 33,
          "column": 33
        }
      },
      "6": {
        "start": {
          "line": 34,
          "column": 18
        },
        "end": {
          "line": 34,
          "column": 26
        }
      },
      "7": {
        "start": {
          "line": 35,
          "column": 24
        },
        "end": {
          "line": 35,
          "column": 32
        }
      },
      "8": {
        "start": {
          "line": 38,
          "column": 4
        },
        "end": {
          "line": 38,
          "column": 19
        }
      },
      "9": {
        "start": {
          "line": 42,
          "column": 20
        },
        "end": {
          "line": 47,
          "column": 5
        }
      },
      "10": {
        "start": {
          "line": 49,
          "column": 4
        },
        "end": {
          "line": 49,
          "column": 41
        }
      },
      "11": {
        "start": {
          "line": 50,
          "column": 4
        },
        "end": {
          "line": 50,
          "column": 37
        }
      },
      "12": {
        "start": {
          "line": 51,
          "column": 16
        },
        "end": {
          "line": 51,
          "column": 46
        }
      },
      "13": {
        "start": {
          "line": 52,
          "column": 4
        },
        "end": {
          "line": 63,
          "column": 6
        }
      },
      "14": {
        "start": {
          "line": 64,
          "column": 4
        },
        "end": {
          "line": 64,
          "column": 44
        }
      },
      "15": {
        "start": {
          "line": 67,
          "column": 2
        },
        "end": {
          "line": 155,
          "column": 4
        }
      },
      "16": {
        "start": {
          "line": 111,
          "column": 16
        },
        "end": {
          "line": 111,
          "column": 39
        }
      }
    },
    "fnMap": {
      "0": {
        "name": "UserListingCard",
        "decl": {
          "start": {
            "line": 16,
            "column": 24
          },
          "end": {
            "line": 16,
            "column": 39
          }
        },
        "loc": {
          "start": {
            "line": 16,
            "column": 68
          },
          "end": {
            "line": 156,
            "column": 1
          }
        },
        "line": 16
      },
      "1": {
        "name": "handleEdit",
        "decl": {
          "start": {
            "line": 37,
            "column": 17
          },
          "end": {
            "line": 37,
            "column": 27
          }
        },
        "loc": {
          "start": {
            "line": 37,
            "column": 30
          },
          "end": {
            "line": 39,
            "column": 3
          }
        },
        "line": 37
      },
      "2": {
        "name": "handleSave",
        "decl": {
          "start": {
            "line": 41,
            "column": 17
          },
          "end": {
            "line": 41,
            "column": 27
          }
        },
        "loc": {
          "start": {
            "line": 41,
            "column": 30
          },
          "end": {
            "line": 65,
            "column": 3
          }
        },
        "line": 41
      },
      "3": {
        "name": "(anonymous_3)",
        "decl": {
          "start": {
            "line": 110,
            "column": 23
          },
          "end": {
            "line": 110,
            "column": 24
          }
        },
        "loc": {
          "start": {
            "line": 110,
            "column": 29
          },
          "end": {
            "line": 112,
            "column": 15
          }
        },
        "line": 110
      }
    },
    "branchMap": {
      "0": {
        "loc": {
          "start": {
            "line": 82,
            "column": 9
          },
          "end": {
            "line": 115,
            "column": 9
          }
        },
        "type": "cond-expr",
        "locations": [
          {
            "start": {
              "line": 83,
              "column": 10
            },
            "end": {
              "line": 96,
              "column": 16
            }
          },
          {
            "start": {
              "line": 98,
              "column": 10
            },
            "end": {
              "line": 114,
              "column": 16
            }
          }
        ],
        "line": 82
      }
    },
    "s": {
      "0": 26,
      "1": 26,
      "2": 26,
      "3": 26,
      "4": 26,
      "5": 26,
      "6": 26,
      "7": 26,
      "8": 1,
      "9": 0,
      "10": 0,
      "11": 0,
      "12": 0,
      "13": 0,
      "14": 0,
      "15": 26,
      "16": 0
    },
    "f": {
      "0": 26,
      "1": 1,
      "2": 0,
      "3": 0
    },
    "b": {
      "0": [
        4,
        22
      ]
    },
    "_coverageSchema": "1a1c01bbd47fc00a2c39e90264f33305004495a9",
    "hash": "a684a07bd3a636a5d997926604c6b7d94ef4e396"
  },
  "C:\\Users\\Will\\Documents\\School_Of_Code\\Projects\\Home Grown - MACCAW\\bc13_final-project_front-end-maccaw\\home-grown\\components\\PopUpModal\\BoilerPlatePopUp.js": {
    "path": "C:\\Users\\Will\\Documents\\School_Of_Code\\Projects\\Home Grown - MACCAW\\bc13_final-project_front-end-maccaw\\home-grown\\components\\PopUpModal\\BoilerPlatePopUp.js",
    "statementMap": {
      "0": {
        "start": {
          "line": 14,
          "column": 2
        },
        "end": {
          "line": 23,
          "column": 4
        }
      }
    },
    "fnMap": {
      "0": {
        "name": "BoilerPlatePopup",
        "decl": {
          "start": {
            "line": 5,
            "column": 9
          },
          "end": {
            "line": 5,
            "column": 25
          }
        },
        "loc": {
          "start": {
            "line": 13,
            "column": 3
          },
          "end": {
            "line": 24,
            "column": 1
          }
        },
        "line": 13
      }
    },
    "branchMap": {
      "0": {
        "loc": {
          "start": {
            "line": 17,
            "column": 7
          },
          "end": {
            "line": 21,
            "column": 7
          }
        },
        "type": "binary-expr",
        "locations": [
          {
            "start": {
              "line": 17,
              "column": 7
            },
            "end": {
              "line": 17,
              "column": 11
            }
          },
          {
            "start": {
              "line": 18,
              "column": 8
            },
            "end": {
              "line": 20,
              "column": 14
            }
          }
        ],
        "line": 17
      }
    },
    "s": {
      "0": 6
    },
    "f": {
      "0": 6
    },
    "b": {
      "0": [
        6,
        0
      ]
    },
    "_coverageSchema": "1a1c01bbd47fc00a2c39e90264f33305004495a9",
    "hash": "e8ff9ede83b83cef5143239e0b630a3fc3ed7b8a"
  },
  "C:\\Users\\Will\\Documents\\School_Of_Code\\Projects\\Home Grown - MACCAW\\bc13_final-project_front-end-maccaw\\home-grown\\pages\\post.js": {
    "path": "C:\\Users\\Will\\Documents\\School_Of_Code\\Projects\\Home Grown - MACCAW\\bc13_final-project_front-end-maccaw\\home-grown\\pages\\post.js",
    "statementMap": {
      "0": {
        "start": {
          "line": 10,
          "column": 36
        },
        "end": {
          "line": 10,
          "column": 46
        }
      },
      "1": {
        "start": {
          "line": 11,
          "column": 26
        },
        "end": {
          "line": 11,
          "column": 35
        }
      },
      "2": {
        "start": {
          "line": 12,
          "column": 17
        },
        "end": {
          "line": 12,
          "column": 28
        }
      },
      "3": {
        "start": {
          "line": 13,
          "column": 26
        },
        "end": {
          "line": 13,
          "column": 41
        }
      },
      "4": {
        "start": {
          "line": 14,
          "column": 22
        },
        "end": {
          "line": 14,
          "column": 42
        }
      },
      "5": {
        "start": {
          "line": 14,
          "column": 28
        },
        "end": {
          "line": 14,
          "column": 42
        }
      },
      "6": {
        "start": {
          "line": 15,
          "column": 21
        },
        "end": {
          "line": 15,
          "column": 40
        }
      },
      "7": {
        "start": {
          "line": 15,
          "column": 27
        },
        "end": {
          "line": 15,
          "column": 40
        }
      },
      "8": {
        "start": {
          "line": 17,
          "column": 2
        },
        "end": {
          "line": 19,
          "column": 3
        }
      },
      "9": {
        "start": {
          "line": 18,
          "column": 4
        },
        "end": {
          "line": 18,
          "column": 26
        }
      },
      "10": {
        "start": {
          "line": 21,
          "column": 2
        },
        "end": {
          "line": 23,
          "column": 9
        }
      },
      "11": {
        "start": {
          "line": 22,
          "column": 4
        },
        "end": {
          "line": 22,
          "column": 18
        }
      },
      "12": {
        "start": {
          "line": 26,
          "column": 15
        },
        "end": {
          "line": 26,
          "column": 30
        }
      },
      "13": {
        "start": {
          "line": 27,
          "column": 16
        },
        "end": {
          "line": 27,
          "column": 46
        }
      },
      "14": {
        "start": {
          "line": 28,
          "column": 4
        },
        "end": {
          "line": 28,
          "column": 23
        }
      },
      "15": {
        "start": {
          "line": 29,
          "column": 21
        },
        "end": {
          "line": 36,
          "column": 5
        }
      },
      "16": {
        "start": {
          "line": 37,
          "column": 17
        },
        "end": {
          "line": 37,
          "column": 38
        }
      },
      "17": {
        "start": {
          "line": 38,
          "column": 4
        },
        "end": {
          "line": 38,
          "column": 31
        }
      },
      "18": {
        "start": {
          "line": 42,
          "column": 16
        },
        "end": {
          "line": 42,
          "column": 46
        }
      },
      "19": {
        "start": {
          "line": 43,
          "column": 4
        },
        "end": {
          "line": 53,
          "column": 6
        }
      },
      "20": {
        "start": {
          "line": 54,
          "column": 16
        },
        "end": {
          "line": 54,
          "column": 17
        }
      },
      "21": {
        "start": {
          "line": 55,
          "column": 4
        },
        "end": {
          "line": 59,
          "column": 5
        }
      },
      "22": {
        "start": {
          "line": 55,
          "column": 17
        },
        "end": {
          "line": 55,
          "column": 18
        }
      },
      "23": {
        "start": {
          "line": 56,
          "column": 6
        },
        "end": {
          "line": 58,
          "column": 7
        }
      },
      "24": {
        "start": {
          "line": 57,
          "column": 8
        },
        "end": {
          "line": 57,
          "column": 18
        }
      },
      "25": {
        "start": {
          "line": 60,
          "column": 30
        },
        "end": {
          "line": 63,
          "column": 5
        }
      },
      "26": {
        "start": {
          "line": 64,
          "column": 4
        },
        "end": {
          "line": 64,
          "column": 47
        }
      },
      "27": {
        "start": {
          "line": 65,
          "column": 4
        },
        "end": {
          "line": 65,
          "column": 36
        }
      },
      "28": {
        "start": {
          "line": 68,
          "column": 2
        },
        "end": {
          "line": 109,
          "column": 3
        }
      },
      "29": {
        "start": {
          "line": 69,
          "column": 4
        },
        "end": {
          "line": 106,
          "column": 6
        }
      },
      "30": {
        "start": {
          "line": 96,
          "column": 12
        },
        "end": {
          "line": 102,
          "column": 14
        }
      },
      "31": {
        "start": {
          "line": 108,
          "column": 4
        },
        "end": {
          "line": 108,
          "column": 31
        }
      }
    },
    "fnMap": {
      "0": {
        "name": "NewPost",
        "decl": {
          "start": {
            "line": 9,
            "column": 24
          },
          "end": {
            "line": 9,
            "column": 31
          }
        },
        "loc": {
          "start": {
            "line": 9,
            "column": 34
          },
          "end": {
            "line": 110,
            "column": 1
          }
        },
        "line": 9
      },
      "1": {
        "name": "(anonymous_1)",
        "decl": {
          "start": {
            "line": 14,
            "column": 22
          },
          "end": {
            "line": 14,
            "column": 23
          }
        },
        "loc": {
          "start": {
            "line": 14,
            "column": 28
          },
          "end": {
            "line": 14,
            "column": 42
          }
        },
        "line": 14
      },
      "2": {
        "name": "(anonymous_2)",
        "decl": {
          "start": {
            "line": 15,
            "column": 21
          },
          "end": {
            "line": 15,
            "column": 22
          }
        },
        "loc": {
          "start": {
            "line": 15,
            "column": 27
          },
          "end": {
            "line": 15,
            "column": 40
          }
        },
        "line": 15
      },
      "3": {
        "name": "(anonymous_3)",
        "decl": {
          "start": {
            "line": 21,
            "column": 12
          },
          "end": {
            "line": 21,
            "column": 13
          }
        },
        "loc": {
          "start": {
            "line": 21,
            "column": 18
          },
          "end": {
            "line": 23,
            "column": 3
          }
        },
        "line": 21
      },
      "4": {
        "name": "getPostData",
        "decl": {
          "start": {
            "line": 25,
            "column": 17
          },
          "end": {
            "line": 25,
            "column": 28
          }
        },
        "loc": {
          "start": {
            "line": 25,
            "column": 31
          },
          "end": {
            "line": 39,
            "column": 3
          }
        },
        "line": 25
      },
      "5": {
        "name": "handleDelete",
        "decl": {
          "start": {
            "line": 41,
            "column": 17
          },
          "end": {
            "line": 41,
            "column": 29
          }
        },
        "loc": {
          "start": {
            "line": 41,
            "column": 40
          },
          "end": {
            "line": 66,
            "column": 3
          }
        },
        "line": 41
      },
      "6": {
        "name": "(anonymous_6)",
        "decl": {
          "start": {
            "line": 95,
            "column": 25
          },
          "end": {
            "line": 95,
            "column": 26
          }
        },
        "loc": {
          "start": {
            "line": 95,
            "column": 46
          },
          "end": {
            "line": 103,
            "column": 11
          }
        },
        "line": 95
      }
    },
    "branchMap": {
      "0": {
        "loc": {
          "start": {
            "line": 17,
            "column": 2
          },
          "end": {
            "line": 19,
            "column": 3
          }
        },
        "type": "if",
        "locations": [
          {
            "start": {
              "line": 17,
              "column": 2
            },
            "end": {
              "line": 19,
              "column": 3
            }
          },
          {
            "start": {},
            "end": {}
          }
        ],
        "line": 17
      },
      "1": {
        "loc": {
          "start": {
            "line": 56,
            "column": 6
          },
          "end": {
            "line": 58,
            "column": 7
          }
        },
        "type": "if",
        "locations": [
          {
            "start": {
              "line": 56,
              "column": 6
            },
            "end": {
              "line": 58,
              "column": 7
            }
          },
          {
            "start": {},
            "end": {}
          }
        ],
        "line": 56
      },
      "2": {
        "loc": {
          "start": {
            "line": 68,
            "column": 2
          },
          "end": {
            "line": 109,
            "column": 3
          }
        },
        "type": "if",
        "locations": [
          {
            "start": {
              "line": 68,
              "column": 2
            },
            "end": {
              "line": 109,
              "column": 3
            }
          },
          {
            "start": {
              "line": 107,
              "column": 9
            },
            "end": {
              "line": 109,
              "column": 3
            }
          }
        ],
        "line": 68
      },
      "3": {
        "loc": {
          "start": {
            "line": 68,
            "column": 6
          },
          "end": {
            "line": 68,
            "column": 30
          }
        },
        "type": "binary-expr",
        "locations": [
          {
            "start": {
              "line": 68,
              "column": 6
            },
            "end": {
              "line": 68,
              "column": 17
            }
          },
          {
            "start": {
              "line": 68,
              "column": 21
            },
            "end": {
              "line": 68,
              "column": 30
            }
          }
        ],
        "line": 68
      }
    },
    "s": {
      "0": 10,
      "1": 10,
      "2": 10,
      "3": 10,
      "4": 10,
      "5": 0,
      "6": 10,
      "7": 0,
      "8": 10,
      "9": 0,
      "10": 10,
      "11": 4,
      "12": 4,
      "13": 4,
      "14": 4,
      "15": 4,
      "16": 3,
      "17": 3,
      "18": 0,
      "19": 0,
      "20": 0,
      "21": 0,
      "22": 0,
      "23": 0,
      "24": 0,
      "25": 0,
      "26": 0,
      "27": 0,
      "28": 10,
      "29": 6,
      "30": 24,
      "31": 4
    },
    "f": {
      "0": 10,
      "1": 0,
      "2": 0,
      "3": 4,
      "4": 4,
      "5": 0,
      "6": 24
    },
    "b": {
      "0": [
        0,
        10
      ],
      "1": [
        0,
        0
      ],
      "2": [
        6,
        4
      ],
      "3": [
        10,
        10
      ]
    },
    "_coverageSchema": "1a1c01bbd47fc00a2c39e90264f33305004495a9",
    "hash": "8747a0b92f92239b079456183c82b3830449a46a"
  }
}